[2026-03-07 10:35:13.881] [jointLog] [info] setting maxHashResizeThreads to 6
[2026-03-07 10:35:13.881] [jointLog] [info] Fragment incompatibility prior below threshold.  Incompatible fragments will be ignored.
[2026-03-07 10:35:13.881] [jointLog] [info] numQuantThreads = 3
[2026-03-07 10:35:14.301] [fileLog] [info] quantification processed 0 fragments so far

[2026-03-07 10:35:14.301] [fileLog] [info] quantification processed 38287 fragments so far

[2026-03-07 10:35:14.253] [jointLog] [info] replaced 0 non-ACGT nucleotides with random nucleotides
[2026-03-07 10:35:14.440] [jointLog] [info] Thread saw mini-batch with a maximum of 2.10% zero probability fragments
[2026-03-07 10:35:14.446] [jointLog] [info] Thread saw mini-batch with a maximum of 2.10% zero probability fragments
[2026-03-07 10:35:14.447] [jointLog] [info] Thread saw mini-batch with a maximum of 1.90% zero probability fragments
[2026-03-07 10:35:14.447] [jointLog] [info] 


Completed first pass through the alignment file.
Total # of mapped reads : 38287
# of uniquely mapped reads : 33273
# ambiguously mapped reads : 5014



[2026-03-07 10:35:14.449] [jointLog] [info] Computed 114 rich equivalence classes for further processing
[2026-03-07 10:35:14.449] [jointLog] [info] Counted 37852 total reads in the equivalence classes 
[2026-03-07 10:35:14.449] [jointLog] [warning] Only 38287 fragments were mapped, but the number of burn-in fragments was set to 5000000.
The effective lengths have been computed using the observed mappings.

[2026-03-07 10:35:14.450] [jointLog] [info] starting optimizer
[2026-03-07 10:35:14.451] [jointLog] [info] Marked 0 weighted equivalence classes as degenerate
[2026-03-07 10:35:14.451] [jointLog] [info] iteration = 0 | max rel diff. = 321.755
[2026-03-07 10:35:14.451] [jointLog] [info] iteration = 100 | max rel diff. = 0
[2026-03-07 10:35:14.451] [jointLog] [info] finished optimizer
[2026-03-07 10:35:14.451] [jointLog] [info] writing output
[2026-03-07 10:35:14.618] [jointLog] [info] Computing gene-level abundance estimates
[2026-03-07 10:35:14.620] [jointLog] [info] There were 124 transcripts mapping to 124 genes
[2026-03-07 10:35:14.620] [jointLog] [info] NOTE: We recommend using tximport (https://bioconductor.org/packages/release/bioc/html/tximport.html) for aggregating transcript-level salmon abundance estimates to the gene level.  It is more versatile, exposes more features, and allows considering multi-sample information during aggregation.
[2026-03-07 10:35:14.620] [jointLog] [info] Aggregating expressions to gene level
[2026-03-07 10:35:14.620] [jointLog] [info] done
