[2026-03-08 10:48:34.610] [jointLog] [info] setting maxHashResizeThreads to 6
[2026-03-08 10:48:34.610] [jointLog] [info] Fragment incompatibility prior below threshold.  Incompatible fragments will be ignored.
[2026-03-08 10:48:34.611] [jointLog] [info] numQuantThreads = 3
[2026-03-08 10:48:35.255] [fileLog] [info] quantification processed 0 fragments so far

[2026-03-08 10:48:35.256] [fileLog] [info] quantification processed 41723 fragments so far

[2026-03-08 10:48:35.154] [jointLog] [info] replaced 0 non-ACGT nucleotides with random nucleotides
[2026-03-08 10:48:35.638] [jointLog] [info] Thread saw mini-batch with a maximum of 1.30% zero probability fragments
[2026-03-08 10:48:35.638] [jointLog] [info] Thread saw mini-batch with a maximum of 1.60% zero probability fragments
[2026-03-08 10:48:35.653] [jointLog] [info] Thread saw mini-batch with a maximum of 1.20% zero probability fragments
[2026-03-08 10:48:35.655] [jointLog] [info] 


Completed first pass through the alignment file.
Total # of mapped reads : 41723
# of uniquely mapped reads : 35647
# ambiguously mapped reads : 6076



[2026-03-08 10:48:35.669] [jointLog] [info] Computed 206 rich equivalence classes for further processing
[2026-03-08 10:48:35.669] [jointLog] [info] Counted 41374 total reads in the equivalence classes 
[2026-03-08 10:48:35.671] [jointLog] [warning] Only 41723 fragments were mapped, but the number of burn-in fragments was set to 5000000.
The effective lengths have been computed using the observed mappings.

[2026-03-08 10:48:35.675] [jointLog] [info] starting optimizer
[2026-03-08 10:48:35.676] [jointLog] [info] Marked 0 weighted equivalence classes as degenerate
[2026-03-08 10:48:35.676] [jointLog] [info] iteration = 0 | max rel diff. = 7842.2
[2026-03-08 10:48:35.683] [jointLog] [info] iteration = 100 | max rel diff. = 3.50566e-16
[2026-03-08 10:48:35.683] [jointLog] [info] finished optimizer
[2026-03-08 10:48:35.683] [jointLog] [info] writing output
[2026-03-08 10:48:36.922] [jointLog] [info] Computing gene-level abundance estimates
[2026-03-08 10:48:36.948] [jointLog] [info] There were 124 transcripts mapping to 124 genes
[2026-03-08 10:48:36.948] [jointLog] [info] NOTE: We recommend using tximport (https://bioconductor.org/packages/release/bioc/html/tximport.html) for aggregating transcript-level salmon abundance estimates to the gene level.  It is more versatile, exposes more features, and allows considering multi-sample information during aggregation.
[2026-03-08 10:48:36.949] [jointLog] [info] Aggregating expressions to gene level
[2026-03-08 10:48:36.949] [jointLog] [info] done
