[2026-03-07 10:35:11.753] [jointLog] [info] setting maxHashResizeThreads to 6
[2026-03-07 10:35:11.753] [jointLog] [info] Fragment incompatibility prior below threshold.  Incompatible fragments will be ignored.
[2026-03-07 10:35:11.753] [jointLog] [info] numQuantThreads = 3
[2026-03-07 10:35:12.173] [fileLog] [info] quantification processed 0 fragments so far

[2026-03-07 10:35:12.173] [fileLog] [info] quantification processed 37386 fragments so far

[2026-03-07 10:35:12.125] [jointLog] [info] replaced 0 non-ACGT nucleotides with random nucleotides
[2026-03-07 10:35:12.320] [jointLog] [info] Thread saw mini-batch with a maximum of 2.20% zero probability fragments
[2026-03-07 10:35:12.321] [jointLog] [info] Thread saw mini-batch with a maximum of 1.90% zero probability fragments
[2026-03-07 10:35:12.322] [jointLog] [info] Thread saw mini-batch with a maximum of 1.80% zero probability fragments
[2026-03-07 10:35:12.322] [jointLog] [info] 


Completed first pass through the alignment file.
Total # of mapped reads : 37386
# of uniquely mapped reads : 32673
# ambiguously mapped reads : 4713



[2026-03-07 10:35:12.324] [jointLog] [info] Computed 100 rich equivalence classes for further processing
[2026-03-07 10:35:12.324] [jointLog] [info] Counted 36902 total reads in the equivalence classes 
[2026-03-07 10:35:12.324] [jointLog] [warning] Only 37386 fragments were mapped, but the number of burn-in fragments was set to 5000000.
The effective lengths have been computed using the observed mappings.

[2026-03-07 10:35:12.325] [jointLog] [info] starting optimizer
[2026-03-07 10:35:12.326] [jointLog] [info] Marked 0 weighted equivalence classes as degenerate
[2026-03-07 10:35:12.326] [jointLog] [info] iteration = 0 | max rel diff. = 296.378
[2026-03-07 10:35:12.327] [jointLog] [info] iteration = 100 | max rel diff. = 0
[2026-03-07 10:35:12.327] [jointLog] [info] finished optimizer
[2026-03-07 10:35:12.327] [jointLog] [info] writing output
[2026-03-07 10:35:12.494] [jointLog] [info] Computing gene-level abundance estimates
[2026-03-07 10:35:12.497] [jointLog] [info] There were 124 transcripts mapping to 124 genes
[2026-03-07 10:35:12.497] [jointLog] [info] NOTE: We recommend using tximport (https://bioconductor.org/packages/release/bioc/html/tximport.html) for aggregating transcript-level salmon abundance estimates to the gene level.  It is more versatile, exposes more features, and allows considering multi-sample information during aggregation.
[2026-03-07 10:35:12.497] [jointLog] [info] Aggregating expressions to gene level
[2026-03-07 10:35:12.497] [jointLog] [info] done
