[2026-03-08 10:49:35.234] [jointLog] [info] setting maxHashResizeThreads to 6
[2026-03-08 10:49:35.234] [jointLog] [info] Fragment incompatibility prior below threshold.  Incompatible fragments will be ignored.
[2026-03-08 10:49:35.235] [jointLog] [info] numQuantThreads = 3
[2026-03-08 10:49:36.086] [fileLog] [info] quantification processed 0 fragments so far

[2026-03-08 10:49:36.092] [fileLog] [info] quantification processed 38149 fragments so far

[2026-03-08 10:49:35.992] [jointLog] [info] replaced 0 non-ACGT nucleotides with random nucleotides
[2026-03-08 10:49:36.774] [jointLog] [info] Thread saw mini-batch with a maximum of 2.40% zero probability fragments
[2026-03-08 10:49:36.781] [jointLog] [info] Thread saw mini-batch with a maximum of 2.40% zero probability fragments
[2026-03-08 10:49:36.784] [jointLog] [info] Thread saw mini-batch with a maximum of 2.50% zero probability fragments
[2026-03-08 10:49:36.784] [jointLog] [info] 


Completed first pass through the alignment file.
Total # of mapped reads : 38149
# of uniquely mapped reads : 33366
# ambiguously mapped reads : 4783



[2026-03-08 10:49:36.797] [jointLog] [info] Computed 103 rich equivalence classes for further processing
[2026-03-08 10:49:36.797] [jointLog] [info] Counted 37459 total reads in the equivalence classes 
[2026-03-08 10:49:36.799] [jointLog] [warning] Only 38149 fragments were mapped, but the number of burn-in fragments was set to 5000000.
The effective lengths have been computed using the observed mappings.

[2026-03-08 10:49:36.801] [jointLog] [info] starting optimizer
[2026-03-08 10:49:36.802] [jointLog] [info] Marked 0 weighted equivalence classes as degenerate
[2026-03-08 10:49:36.802] [jointLog] [info] iteration = 0 | max rel diff. = 300.863
[2026-03-08 10:49:36.805] [jointLog] [info] iteration = 100 | max rel diff. = 2.11707e-16
[2026-03-08 10:49:36.806] [jointLog] [info] finished optimizer
[2026-03-08 10:49:36.806] [jointLog] [info] writing output
[2026-03-08 10:49:37.353] [jointLog] [info] Computing gene-level abundance estimates
[2026-03-08 10:49:37.361] [jointLog] [info] There were 124 transcripts mapping to 124 genes
[2026-03-08 10:49:37.361] [jointLog] [info] NOTE: We recommend using tximport (https://bioconductor.org/packages/release/bioc/html/tximport.html) for aggregating transcript-level salmon abundance estimates to the gene level.  It is more versatile, exposes more features, and allows considering multi-sample information during aggregation.
[2026-03-08 10:49:37.362] [jointLog] [info] Aggregating expressions to gene level
[2026-03-08 10:49:37.362] [jointLog] [info] done
