[2026-03-07 10:33:25.318] [jointLog] [info] setting maxHashResizeThreads to 6
[2026-03-07 10:33:25.318] [jointLog] [info] Fragment incompatibility prior below threshold.  Incompatible fragments will be ignored.
[2026-03-07 10:33:25.318] [jointLog] [info] numQuantThreads = 3
[2026-03-07 10:33:25.653] [fileLog] [info] quantification processed 0 fragments so far

[2026-03-07 10:33:25.653] [fileLog] [info] quantification processed 81408 fragments so far

[2026-03-07 10:33:25.597] [jointLog] [info] replaced 0 non-ACGT nucleotides with random nucleotides
[2026-03-07 10:33:25.819] [jointLog] [info] Thread saw mini-batch with a maximum of 1.40% zero probability fragments
[2026-03-07 10:33:25.819] [jointLog] [info] Thread saw mini-batch with a maximum of 1.30% zero probability fragments
[2026-03-07 10:33:25.820] [jointLog] [info] Thread saw mini-batch with a maximum of 1.50% zero probability fragments
[2026-03-07 10:33:25.820] [jointLog] [info] 


Completed first pass through the alignment file.
Total # of mapped reads : 81408
# of uniquely mapped reads : 68935
# ambiguously mapped reads : 12473



[2026-03-07 10:33:25.822] [jointLog] [info] Computed 107 rich equivalence classes for further processing
[2026-03-07 10:33:25.822] [jointLog] [info] Counted 80670 total reads in the equivalence classes 
[2026-03-07 10:33:25.822] [jointLog] [warning] Only 81408 fragments were mapped, but the number of burn-in fragments was set to 5000000.
The effective lengths have been computed using the observed mappings.

[2026-03-07 10:33:25.823] [jointLog] [info] starting optimizer
[2026-03-07 10:33:25.824] [jointLog] [info] Marked 0 weighted equivalence classes as degenerate
[2026-03-07 10:33:25.824] [jointLog] [info] iteration = 0 | max rel diff. = 1158.92
[2026-03-07 10:33:25.825] [jointLog] [info] iteration = 100 | max rel diff. = 0
[2026-03-07 10:33:25.825] [jointLog] [info] finished optimizer
[2026-03-07 10:33:25.825] [jointLog] [info] writing output
[2026-03-07 10:33:25.966] [jointLog] [info] Computing gene-level abundance estimates
[2026-03-07 10:33:25.968] [jointLog] [info] There were 124 transcripts mapping to 124 genes
[2026-03-07 10:33:25.968] [jointLog] [info] NOTE: We recommend using tximport (https://bioconductor.org/packages/release/bioc/html/tximport.html) for aggregating transcript-level salmon abundance estimates to the gene level.  It is more versatile, exposes more features, and allows considering multi-sample information during aggregation.
[2026-03-07 10:33:25.969] [jointLog] [info] Aggregating expressions to gene level
[2026-03-07 10:33:25.969] [jointLog] [info] done
