                                 Started job on |	Mar 08 10:48:19
                             Started mapping on |	Mar 08 10:48:25
                                    Finished on |	Mar 08 10:48:33
       Mapping speed, Million of reads per hour |	22.49

                          Number of input reads |	49969
                      Average input read length |	99
                                    UNIQUE READS:
                   Uniquely mapped reads number |	46635
                        Uniquely mapped reads % |	93.33%
                          Average mapped length |	98.66
                       Number of splices: Total |	317
            Number of splices: Annotated (sjdb) |	236
                       Number of splices: GT/AG |	314
                       Number of splices: GC/AG |	0
                       Number of splices: AT/AC |	0
               Number of splices: Non-canonical |	3
                      Mismatch rate per base, % |	1.12%
                         Deletion rate per base |	0.02%
                        Deletion average length |	1.23
                        Insertion rate per base |	0.00%
                       Insertion average length |	1.20
                             MULTI-MAPPING READS:
        Number of reads mapped to multiple loci |	1112
             % of reads mapped to multiple loci |	2.23%
        Number of reads mapped to too many loci |	0
             % of reads mapped to too many loci |	0.00%
                                  UNMAPPED READS:
  Number of reads unmapped: too many mismatches |	0
       % of reads unmapped: too many mismatches |	0.00%
            Number of reads unmapped: too short |	1773
                 % of reads unmapped: too short |	3.55%
                Number of reads unmapped: other |	449
                     % of reads unmapped: other |	0.90%
                                  CHIMERIC READS:
                       Number of chimeric reads |	0
                            % of chimeric reads |	0.00%
