STAR version=2.7.9a
STAR compilation time,server,dir=2021-05-04T09:43:56-0400 vega:/home/dobin/data/STAR/STARcode/STAR.master/source
##### Command Line:
STAR --genomeDir star --readFilesIn input1/RAP1_UNINDUCED_REP2_trimmed_trimmed.fq.gz --runThreadN 12 --outFileNamePrefix RAP1_UNINDUCED_REP2. --sjdbGTFfile genes.filtered.gtf --outSAMattrRGline ID:RAP1_UNINDUCED_REP2 SM:RAP1_UNINDUCED_REP2 --quantMode TranscriptomeSAM --outSAMtype BAM Unsorted --outSAMattributes NH HI AS NM MD --readFilesCommand zcat --twopassMode Basic --runRNGseed 0 --outFilterMultimapNmax 20 --alignSJDBoverhangMin 1 --outSAMstrandField intronMotif --quantTranscriptomeBan Singleend
##### Initial USER parameters from Command Line:
outFileNamePrefix                 RAP1_UNINDUCED_REP2.
###### All USER parameters from Command Line:
genomeDir                     star     ~RE-DEFINED
readFilesIn                   input1/RAP1_UNINDUCED_REP2_trimmed_trimmed.fq.gz        ~RE-DEFINED
runThreadN                    12     ~RE-DEFINED
outFileNamePrefix             RAP1_UNINDUCED_REP2.     ~RE-DEFINED
sjdbGTFfile                   genes.filtered.gtf     ~RE-DEFINED
outSAMattrRGline              ID:RAP1_UNINDUCED_REP2   SM:RAP1_UNINDUCED_REP2        ~RE-DEFINED
quantMode                     TranscriptomeSAM        ~RE-DEFINED
outSAMtype                    BAM   Unsorted        ~RE-DEFINED
outSAMattributes              NH   HI   AS   NM   MD        ~RE-DEFINED
readFilesCommand              zcat        ~RE-DEFINED
twopassMode                   Basic     ~RE-DEFINED
runRNGseed                    0     ~RE-DEFINED
outFilterMultimapNmax         20     ~RE-DEFINED
alignSJDBoverhangMin          1     ~RE-DEFINED
outSAMstrandField             intronMotif     ~RE-DEFINED
quantTranscriptomeBan         Singleend     ~RE-DEFINED
##### Finished reading parameters from all sources

##### Final user re-defined parameters-----------------:
runThreadN                        12
runRNGseed                        0
genomeDir                         star
readFilesIn                       input1/RAP1_UNINDUCED_REP2_trimmed_trimmed.fq.gz   
readFilesCommand                  zcat   
outFileNamePrefix                 RAP1_UNINDUCED_REP2.
outSAMtype                        BAM   Unsorted   
outSAMstrandField                 intronMotif
outSAMattributes                  NH   HI   AS   NM   MD   
outSAMattrRGline                  ID:RAP1_UNINDUCED_REP2   SM:RAP1_UNINDUCED_REP2   
outFilterMultimapNmax             20
alignSJDBoverhangMin              1
sjdbGTFfile                       genes.filtered.gtf
quantMode                         TranscriptomeSAM   
quantTranscriptomeBan             Singleend
twopassMode                       Basic

-------------------------------
##### Final effective command line:
STAR   --runThreadN 12   --runRNGseed 0   --genomeDir star   --readFilesIn input1/RAP1_UNINDUCED_REP2_trimmed_trimmed.fq.gz      --readFilesCommand zcat      --outFileNamePrefix RAP1_UNINDUCED_REP2.   --outSAMtype BAM   Unsorted      --outSAMstrandField intronMotif   --outSAMattributes NH   HI   AS   NM   MD      --outSAMattrRGline ID:RAP1_UNINDUCED_REP2   SM:RAP1_UNINDUCED_REP2      --outFilterMultimapNmax 20   --alignSJDBoverhangMin 1   --sjdbGTFfile genes.filtered.gtf   --quantMode TranscriptomeSAM      --quantTranscriptomeBan Singleend   --twopassMode Basic
----------------------------------------

Number of fastq files for each mate = 1

   Input read files for mate 1 :
-rw-r--r--    1 lennardm mi_stude   4430112 Mar  8 10:48 input1/RAP1_UNINDUCED_REP2_trimmed_trimmed.fq.gz

   readsCommandsFile:
exec > "RAP1_UNINDUCED_REP2._STARtmp/tmp.fifo.read1"
echo FILE 0
zcat      "input1/RAP1_UNINDUCED_REP2_trimmed_trimmed.fq.gz"

WARNING --outSAMattrRG defines a read group, therefore STAR will output RG attribute
WARNING --outSAMstrandField=intronMotif, therefore STAR will output XS attribute
ParametersSolo: --soloCellFilterType CellRanger2.2 filtering parameters:  3000 0.99 10
Finished loading and checking parameters
Reading genome generation parameters:
### STAR   --runMode genomeGenerate      --runThreadN 12   --genomeDir star/   --genomeFastaFiles genome.fa      --genomeSAindexNbases 8   --limitGenomeGenerateRAM 77209411328   --sjdbGTFfile genes.filtered.gtf
### GstrandBit=32
versionGenome                 2.7.4a     ~RE-DEFINED
genomeType                    Full     ~RE-DEFINED
genomeFastaFiles              genome.fa        ~RE-DEFINED
genomeSAindexNbases           8     ~RE-DEFINED
genomeChrBinNbits             18     ~RE-DEFINED
genomeSAsparseD               1     ~RE-DEFINED
genomeTransformType           None     ~RE-DEFINED
genomeTransformVCF            -     ~RE-DEFINED
sjdbOverhang                  100     ~RE-DEFINED
sjdbFileChrStartEnd           -        ~RE-DEFINED
sjdbGTFfile                   genes.filtered.gtf     ~RE-DEFINED
sjdbGTFchrPrefix              -     ~RE-DEFINED
sjdbGTFfeatureExon            exon     ~RE-DEFINED
sjdbGTFtagExonParentTranscripttranscript_id     ~RE-DEFINED
sjdbGTFtagExonParentGene      gene_id     ~RE-DEFINED
sjdbInsertSave                Basic     ~RE-DEFINED
genomeFileSizes               263149   1907552        ~RE-DEFINED
Genome version is compatible with current STAR
Number of real (reference) chromosomes= 1
1	I	230218	0
--sjdbOverhang = 100 taken from the generated genome
Started loading the genome: Sun Mar  8 10:48:20 2026

Genome: size given as a parameter = 263149
SA: size given as a parameter = 1907552
SAindex: size given as a parameter = 1
Read from SAindex: pGe.gSAindexNbases=8  nSAi=87380
nGenome=263149;  nSAbyte=1907552
GstrandBit=32   SA number of indices=462436
Shared memory is not used for genomes. Allocated a private copy of the genome.
Genome file size: 263149 bytes; state: good=1 eof=0 fail=0 bad=0
Loading Genome ... done! state: good=1 eof=0 fail=0 bad=0; loaded 263149 bytes
SA file size: 1907552 bytes; state: good=1 eof=0 fail=0 bad=0
Loading SA ... done! state: good=1 eof=0 fail=0 bad=0; loaded 1907552 bytes
Loading SAindex ... done: 382371 bytes
Finished loading the genome: Sun Mar  8 10:48:20 2026

Processing splice junctions database sjdbN=5,   pGe.sjdbOverhang=100 
alignIntronMax=alignMatesGapMax=0, the max intron size will be approximately determined by (2^winBinNbits)*winAnchorDistNbins=589824
Mar 08 10:48:20   Loaded database junctions from the generated genome star//sjdbList.out.tab: 5 total junctions

Mar 08 10:48:20 ..... processing annotations GTF
Processing pGe.sjdbGTFfile=genes.filtered.gtf, found:
		124 transcripts
		129 exons (non-collapsed)
		5 collapsed junctions
Total junctions: 10
Mar 08 10:48:20 ..... finished GTF processing

Mar 08 10:48:20   Finished preparing junctions
Mar 08 10:48:20 ..... inserting junctions into the genome indices
Mar 08 10:48:20   Finished SA search: number of new junctions=0, old junctions=5
Mar 08 10:48:20   Finished sorting SA indicesL nInd=0
Genome size with junctions=263149  262144   1005
GstrandBit1=32   GstrandBit=32
Mar 08 10:48:20   Finished inserting junction indices
Mar 08 10:48:20   Finished SAi
Mar 08 10:48:20 ..... finished inserting junctions into genome
Created thread # 1
Created thread # 2
Starting to map file # 0
mate 1:   input1/RAP1_UNINDUCED_REP2_trimmed_trimmed.fq.gz
Created thread # 3
Created thread # 4
Created thread # 5
Created thread # 6
Created thread # 7
Created thread # 8
Created thread # 9
Created thread # 10
Created thread # 11
Thread #1 end of input stream, nextChar=-1
Completed: thread #2
Completed: thread #3
Completed: thread #4
Completed: thread #6
Completed: thread #5
Completed: thread #7
Completed: thread #8
Completed: thread #9
Completed: thread #10
Completed: thread #0
Completed: thread #11
Completed: thread #1
Joined thread # 1
Joined thread # 2
Joined thread # 3
Joined thread # 4
Joined thread # 5
Joined thread # 6
Joined thread # 7
Joined thread # 8
Joined thread # 9
Joined thread # 10
Joined thread # 11
Mar 08 10:48:31   Loaded database junctions from the 1st pass file: RAP1_UNINDUCED_REP2._STARpass1//SJ.out.tab: 44 total junctions

Mar 08 10:48:31   Finished preparing junctions
Mar 08 10:48:31 ..... inserting junctions into the genome indices
Mar 08 10:48:31   Finished SA search: number of new junctions=31, old junctions=5
Mar 08 10:48:31   Finished sorting SA indicesL nInd=12400
Genome size with junctions=269380  262144   7236
GstrandBit1=32   GstrandBit=32
Mar 08 10:48:31   Finished inserting junction indices
Mar 08 10:48:31   Finished SAi
Mar 08 10:48:31 ..... finished inserting junctions into genome

   Input read files for mate 1 :
-rw-r--r--    1 lennardm mi_stude   4430112 Mar  8 10:48 input1/RAP1_UNINDUCED_REP2_trimmed_trimmed.fq.gz

   readsCommandsFile:
exec > "RAP1_UNINDUCED_REP2._STARtmp/tmp.fifo.read1"
echo FILE 0
zcat      "input1/RAP1_UNINDUCED_REP2_trimmed_trimmed.fq.gz"

Loaded transcript database, nTr=124
Loaded exon database, nEx=129
Created thread # 1
Starting to map file # 0
mate 1:   input1/RAP1_UNINDUCED_REP2_trimmed_trimmed.fq.gz
Created thread # 2
Created thread # 3
Created thread # 4
Created thread # 5
Created thread # 6
Created thread # 7
Created thread # 8
Created thread # 9
Created thread # 10
Created thread # 11
Thread #1 end of input stream, nextChar=-1
Completed: thread #2
Completed: thread #3
Completed: thread #4
Completed: thread #5
Completed: thread #6
Completed: thread #7
Completed: thread #8
Completed: thread #9
Completed: thread #10
Completed: thread #11
Completed: thread #0
Completed: thread #1
Joined thread # 1
Joined thread # 2
Joined thread # 3
Joined thread # 4
Joined thread # 5
Joined thread # 6
Joined thread # 7
Joined thread # 8
Joined thread # 9
Joined thread # 10
Joined thread # 11
ALL DONE!
