                                 Started job on |	Mar 08 10:48:25
                             Started mapping on |	Mar 08 10:49:15
                                    Finished on |	Mar 08 10:50:11
       Mapping speed, Million of reads per hour |	6.40

                          Number of input reads |	99566
                      Average input read length |	198
                                    UNIQUE READS:
                   Uniquely mapped reads number |	88302
                        Uniquely mapped reads % |	88.69%
                          Average mapped length |	196.46
                       Number of splices: Total |	1407
            Number of splices: Annotated (sjdb) |	1152
                       Number of splices: GT/AG |	1333
                       Number of splices: GC/AG |	3
                       Number of splices: AT/AC |	3
               Number of splices: Non-canonical |	68
                      Mismatch rate per base, % |	0.91%
                         Deletion rate per base |	0.02%
                        Deletion average length |	1.16
                        Insertion rate per base |	0.00%
                       Insertion average length |	1.11
                             MULTI-MAPPING READS:
        Number of reads mapped to multiple loci |	1996
             % of reads mapped to multiple loci |	2.00%
        Number of reads mapped to too many loci |	0
             % of reads mapped to too many loci |	0.00%
                                  UNMAPPED READS:
  Number of reads unmapped: too many mismatches |	0
       % of reads unmapped: too many mismatches |	0.00%
            Number of reads unmapped: too short |	3546
                 % of reads unmapped: too short |	3.56%
                Number of reads unmapped: other |	5722
                     % of reads unmapped: other |	5.75%
                                  CHIMERIC READS:
                       Number of chimeric reads |	0
                            % of chimeric reads |	0.00%
