                                 Started job on |	Mar 07 10:32:35
                             Started mapping on |	Mar 07 10:32:50
                                    Finished on |	Mar 07 10:32:58
       Mapping speed, Million of reads per hour |	44.99

                          Number of input reads |	99971
                      Average input read length |	99
                                    UNIQUE READS:
                   Uniquely mapped reads number |	93669
                        Uniquely mapped reads % |	93.70%
                          Average mapped length |	98.78
                       Number of splices: Total |	648
            Number of splices: Annotated (sjdb) |	490
                       Number of splices: GT/AG |	633
                       Number of splices: GC/AG |	1
                       Number of splices: AT/AC |	0
               Number of splices: Non-canonical |	14
                      Mismatch rate per base, % |	1.12%
                         Deletion rate per base |	0.02%
                        Deletion average length |	1.30
                        Insertion rate per base |	0.00%
                       Insertion average length |	1.20
                             MULTI-MAPPING READS:
        Number of reads mapped to multiple loci |	2247
             % of reads mapped to multiple loci |	2.25%
        Number of reads mapped to too many loci |	1
             % of reads mapped to too many loci |	0.00%
                                  UNMAPPED READS:
       % of reads unmapped: too many mismatches |	0.00%
                 % of reads unmapped: too short |	3.40%
                     % of reads unmapped: other |	0.65%
                                  CHIMERIC READS:
                       Number of chimeric reads |	0
                            % of chimeric reads |	0.00%
