                                 Started job on |	Mar 07 10:33:29
                             Started mapping on |	Mar 07 10:33:57
                                    Finished on |	Mar 07 10:34:19
       Mapping speed, Million of reads per hour |	8.14

                          Number of input reads |	49760
                      Average input read length |	198
                                    UNIQUE READS:
                   Uniquely mapped reads number |	44368
                        Uniquely mapped reads % |	89.16%
                          Average mapped length |	196.44
                       Number of splices: Total |	762
            Number of splices: Annotated (sjdb) |	644
                       Number of splices: GT/AG |	724
                       Number of splices: GC/AG |	3
                       Number of splices: AT/AC |	0
               Number of splices: Non-canonical |	35
                      Mismatch rate per base, % |	0.86%
                         Deletion rate per base |	0.02%
                        Deletion average length |	1.16
                        Insertion rate per base |	0.00%
                       Insertion average length |	1.13
                             MULTI-MAPPING READS:
        Number of reads mapped to multiple loci |	987
             % of reads mapped to multiple loci |	1.98%
        Number of reads mapped to too many loci |	0
             % of reads mapped to too many loci |	0.00%
                                  UNMAPPED READS:
       % of reads unmapped: too many mismatches |	0.00%
                 % of reads unmapped: too short |	3.14%
                     % of reads unmapped: other |	5.71%
                                  CHIMERIC READS:
                       Number of chimeric reads |	0
                            % of chimeric reads |	0.00%
