[2026-03-08 10:49:35.002] [jointLog] [info] setting maxHashResizeThreads to 6
[2026-03-08 10:49:35.002] [jointLog] [info] Fragment incompatibility prior below threshold.  Incompatible fragments will be ignored.
[2026-03-08 10:49:35.003] [jointLog] [info] numQuantThreads = 3
[2026-03-08 10:49:35.870] [fileLog] [info] quantification processed 0 fragments so far

[2026-03-08 10:49:35.870] [fileLog] [info] quantification processed 38975 fragments so far

[2026-03-08 10:49:35.772] [jointLog] [info] replaced 0 non-ACGT nucleotides with random nucleotides
[2026-03-08 10:49:36.688] [jointLog] [info] Thread saw mini-batch with a maximum of 2.60% zero probability fragments
[2026-03-08 10:49:36.722] [jointLog] [info] Thread saw mini-batch with a maximum of 2.20% zero probability fragments
[2026-03-08 10:49:36.751] [jointLog] [info] Thread saw mini-batch with a maximum of 2.30% zero probability fragments
[2026-03-08 10:49:36.752] [jointLog] [info] 


Completed first pass through the alignment file.
Total # of mapped reads : 38975
# of uniquely mapped reads : 33889
# ambiguously mapped reads : 5086



[2026-03-08 10:49:36.765] [jointLog] [info] Computed 121 rich equivalence classes for further processing
[2026-03-08 10:49:36.765] [jointLog] [info] Counted 38356 total reads in the equivalence classes 
[2026-03-08 10:49:36.766] [jointLog] [warning] Only 38975 fragments were mapped, but the number of burn-in fragments was set to 5000000.
The effective lengths have been computed using the observed mappings.

[2026-03-08 10:49:36.768] [jointLog] [info] starting optimizer
[2026-03-08 10:49:36.769] [jointLog] [info] Marked 0 weighted equivalence classes as degenerate
[2026-03-08 10:49:36.769] [jointLog] [info] iteration = 0 | max rel diff. = 325.968
[2026-03-08 10:49:36.773] [jointLog] [info] iteration = 100 | max rel diff. = 2.20163e-16
[2026-03-08 10:49:36.773] [jointLog] [info] finished optimizer
[2026-03-08 10:49:36.773] [jointLog] [info] writing output
[2026-03-08 10:49:37.350] [jointLog] [info] Computing gene-level abundance estimates
[2026-03-08 10:49:37.359] [jointLog] [info] There were 124 transcripts mapping to 124 genes
[2026-03-08 10:49:37.359] [jointLog] [info] NOTE: We recommend using tximport (https://bioconductor.org/packages/release/bioc/html/tximport.html) for aggregating transcript-level salmon abundance estimates to the gene level.  It is more versatile, exposes more features, and allows considering multi-sample information during aggregation.
[2026-03-08 10:49:37.359] [jointLog] [info] Aggregating expressions to gene level
[2026-03-08 10:49:37.359] [jointLog] [info] done
